<?xml version="1.0" encoding="UTF-8"?>
<!-- Generated by org.testng.reporters.JUnitReportReporter -->
<testsuite hostname="DELL" failures="0" tests="1" name="LoginTestCases.LoginFunctionality" time="61.541" errors="0" timestamp="2024-12-27T03:15:25 GMT-08:00" skipped="0">
  <testcase classname="LoginTestCases.LoginFunctionality" name="LoginUserWithWrongEmailandPassword" time="61.541"/>
</testsuite> <!-- LoginTestCases.LoginFunctionality -->
