<?xml version="1.0" encoding="UTF-8"?>
<!-- Generated by org.testng.reporters.JUnitReportReporter -->
<testsuite hostname="DELL" failures="0" tests="2" name="UserRegistarionTestCases.UserRegistration" time="64.690" errors="0" timestamp="2025-03-02T21:36:58 GMT-08:00" skipped="0">
  <testcase classname="UserRegistarionTestCases.UserRegistration" name="UserRegistrationWithExistingEmail" time="14.876"/>
  <testcase classname="UserRegistarionTestCases.UserRegistration" name="UserRegistartion" time="49.814"/>
</testsuite> <!-- UserRegistarionTestCases.UserRegistration -->
