<?xml version="1.0" encoding="UTF-8"?>
<!-- Generated by org.testng.reporters.JUnitReportReporter -->
<testsuite hostname="Afroz-0403" failures="0" tests="1" name="TestNG.Annotationpractice" time="30.461" errors="0" timestamp="2024-01-16T07:00:25 GMT-08:00" skipped="0">
  <testcase classname="TestNG.Annotationpractice" name="loginhomepage" time="30.461"/>
  <system-out/>
</testsuite> <!-- TestNG.Annotationpractice -->
