<?xml version="1.0" encoding="UTF-8"?>
<!-- Generated by org.testng.reporters.JUnitReportReporter -->
<testsuite hostname="Afroz-0403" failures="0" tests="1" name="TestNG.Date_picker" time="13.461" errors="0" timestamp="2024-01-26T19:07:05 GMT-08:00" skipped="0">
  <testcase classname="TestNG.Date_picker" name="datepicker" time="13.461"/>
  <system-out/>
</testsuite> <!-- TestNG.Date_picker -->
