<?xml version="1.0" encoding="UTF-8"?>
<!-- Generated by org.testng.reporters.JUnitReportReporter -->
<testsuite hostname="Afroz-0403" failures="0" tests="1" name="seleniumwebdriver3.Hrm_AddEmployee" time="32.781" errors="0" timestamp="2023-12-30T04:14:03 GMT-08:00" skipped="0">
  <testcase classname="seleniumwebdriver3.Hrm_AddEmployee" name="addEmployee" time="32.781"/>
  <system-out/>
</testsuite> <!-- seleniumwebdriver3.Hrm_AddEmployee -->
