<?xml version="1.0" encoding="UTF-8"?>
<!-- Generated by org.testng.reporters.JUnitReportReporter -->
<testsuite hostname="Afroz-0403" failures="0" tests="1" name="com.hrm.TestScript.TC001" time="21.037" errors="0" timestamp="2024-01-16T11:22:54 GMT-08:00" skipped="0">
  <testcase classname="com.hrm.TestScript.TC001" name="verifyloginpage" time="21.037"/>
  <system-out/>
</testsuite> <!-- com.hrm.TestScript.TC001 -->
